<?xml version="1.0" encoding="UTF-8"?>
<!-- Generated by org.testng.reporters.JUnitReportReporter -->
<testsuite hostname="DESKTOP-3GU4HLT" failures="0" tests="1" name="org.testscripts.Surya" time="61.434" errors="0" timestamp="2024-08-07T15:49:15 IST" skipped="0">
  <testcase classname="org.testscripts.Surya" name="test" time="61.434"/>
  <system-out/>
</testsuite> <!-- org.testscripts.Surya -->
